Traceback (most recent call last):
  File "D:\Gen_AI_Project\debug_db.py", line 1, in <module>
    from app import app, db
  File "D:\Gen_AI_Project\app.py", line 2, in <module>
    from flask_sqlalchemy import SQLAlchemy
  File "C:\Users\Nithin\AppData\Roaming\Python\Python313\site-packages\flask_sqlalchemy\__init__.py", line 5, in <module>
    from .extension import SQLAlchemy
  File "C:\Users\Nithin\AppData\Roaming\Python\Python313\site-packages\flask_sqlalchemy\extension.py", line 9, in <module>
    import sqlalchemy as sa
  File "C:\Users\Nithin\AppData\Roaming\Python\Python313\site-packages\sqlalchemy\__init__.py", line 13, in <module>
    from .engine import AdaptedConnection as AdaptedConnection
  File "C:\Users\Nithin\AppData\Roaming\Python\Python313\site-packages\sqlalchemy\engine\__init__.py", line 18, in <module>
    from . import events as events
  File "C:\Users\Nithin\AppData\Roaming\Python\Python313\site-packages\sqlalchemy\engine\events.py", line 19, in <module>
    from .base import Connection
  File "C:\Users\Nithin\AppData\Roaming\Python\Python313\site-packages\sqlalchemy\engine\base.py", line 30, in <module>
    from .interfaces import BindTyping
  File "C:\Users\Nithin\AppData\Roaming\Python\Python313\site-packages\sqlalchemy\engine\interfaces.py", line 38, in <module>
    from ..sql.compiler import Compiled as Compiled
  File "C:\Users\Nithin\AppData\Roaming\Python\Python313\site-packages\sqlalchemy\sql\__init__.py", line 14, in <module>
    from .compiler import COLLECT_CARTESIAN_PRODUCTS as COLLECT_CARTESIAN_PRODUCTS
  File "C:\Users\Nithin\AppData\Roaming\Python\Python313\site-packages\sqlalchemy\sql\compiler.py", line 61, in <module>
    from . import crud
  File "C:\Users\Nithin\AppData\Roaming\Python\Python313\site-packages\sqlalchemy\sql\crud.py", line 34, in <module>
    from . import dml
  File "C:\Users\Nithin\AppData\Roaming\Python\Python313\site-packages\sqlalchemy\sql\dml.py", line 34, in <module>
    from . import util as sql_util
  File "C:\Users\Nithin\AppData\Roaming\Python\Python313\site-packages\sqlalchemy\sql\util.py", line 46, in <module>
    from .ddl import sort_tables as sort_tables  # noqa: F401
    ^^^^^^^^^^^^^^^^^^^^^^^^^^^^^^^^^^^^^^^^^^^
  File "C:\Users\Nithin\AppData\Roaming\Python\Python313\site-packages\sqlalchemy\sql\ddl.py", line 30, in <module>
    from .elements import ClauseElement
  File "C:\Users\Nithin\AppData\Roaming\Python\Python313\site-packages\sqlalchemy\sql\elements.py", line 808, in <module>
    class SQLCoreOperations(Generic[_T_co], ColumnOperators, TypingOnly):
    ...<472 lines>...
                ...
  File "C:\Program Files\Python313\Lib\typing.py", line 1257, in _generic_init_subclass
    super(Generic, cls).__init_subclass__(*args, **kwargs)
    ~~~~~~~~~~~~~~~~~~~~~~~~~~~~~~~~~~~~~^^^^^^^^^^^^^^^^^
  File "C:\Users\Nithin\AppData\Roaming\Python\Python313\site-packages\sqlalchemy\util\langhelpers.py", line 1988, in __init_subclass__
    raise AssertionError(
    ...<2 lines>...
    )
AssertionError: Class <class 'sqlalchemy.sql.elements.SQLCoreOperations'> directly inherits TypingOnly but has additional attributes {'__static_attributes__', '__firstlineno__'}.
